  [1m[36m (157.1ms)[0m  [1mDROP DATABASE IF EXISTS "twilio_app_test"[0m
  [1m[35m (758.8ms)[0m  CREATE DATABASE "twilio_app_test" ENCODING = 'unicode'
  [1m[36m (112.6ms)[0m  [1mDROP DATABASE IF EXISTS "twilio_app_test"[0m
  [1m[35m (368.5ms)[0m  CREATE DATABASE "twilio_app_test" ENCODING = 'unicode'
  [1m[36m (182.6ms)[0m  [1mCREATE TABLE "schema_migrations" ("version" character varying(255) NOT NULL) [0m
  [1m[35m (15.7ms)[0m  CREATE UNIQUE INDEX "unique_schema_migrations" ON "schema_migrations" ("version")
  [1m[36mActiveRecord::SchemaMigration Load (0.7ms)[0m  [1mSELECT "schema_migrations".* FROM "schema_migrations"[0m
Migrating to CreateMessages (20131025100717)
  [1m[35m (0.7ms)[0m  BEGIN
  [1m[36m (42.3ms)[0m  [1mCREATE TABLE "messages" ("id" serial primary key, "message" text, "created_at" timestamp, "updated_at" timestamp) [0m
  [1m[35mSQL (2.0ms)[0m  INSERT INTO "schema_migrations" ("version") VALUES ($1)  [["version", "20131025100717"]]
  [1m[36m (0.7ms)[0m  [1mCOMMIT[0m
  [1m[35mActiveRecord::SchemaMigration Load (0.5ms)[0m  SELECT "schema_migrations".* FROM "schema_migrations"
  [1m[36m (114.8ms)[0m  [1mDROP DATABASE IF EXISTS "twilio_app_test"[0m
  [1m[35m (385.7ms)[0m  CREATE DATABASE "twilio_app_test" ENCODING = 'unicode'
  [1m[36mSQL (13.3ms)[0m  [1mCREATE EXTENSION IF NOT EXISTS "plpgsql"[0m
  [1m[35m (51.0ms)[0m  CREATE TABLE "messages" ("id" serial primary key, "message" text, "created_at" timestamp, "updated_at" timestamp) 
  [1m[36m (1.5ms)[0m  [1mCREATE TABLE "schema_migrations" ("version" character varying(255) NOT NULL) [0m
  [1m[35m (2.4ms)[0m  CREATE UNIQUE INDEX "unique_schema_migrations" ON "schema_migrations" ("version")
  [1m[36m (0.4ms)[0m  [1mSELECT version FROM "schema_migrations"[0m
  [1m[35m (1.7ms)[0m  INSERT INTO "schema_migrations" (version) VALUES ('20131025100717')
  [1m[36mActiveRecord::SchemaMigration Load (0.5ms)[0m  [1mSELECT "schema_migrations".* FROM "schema_migrations"[0m
